0 info it worked if it ends with ok
1 verbose cli [ '/Users/ozywuli/.nvm/versions/node/v6.2.2/bin/node',
1 verbose cli   '/Users/ozywuli/.nvm/versions/node/v6.2.2/bin/npm',
1 verbose cli   'publish' ]
2 info using npm@3.9.5
3 info using node@v6.2.2
4 verbose publish [ '.' ]
5 silly cache add args [ '.', null ]
6 verbose cache add spec .
7 silly cache add parsed spec Result {
7 silly cache add   raw: '.',
7 silly cache add   scope: null,
7 silly cache add   name: null,
7 silly cache add   rawSpec: '.',
7 silly cache add   spec: '/Users/ozywuli/projects/gulp-jumpstart',
7 silly cache add   type: 'directory' }
8 verbose addLocalDirectory /Users/ozywuli/.npm/gulp-jumpstart/0.0.3/package.tgz not in flight; packing
9 verbose correctMkdir /Users/ozywuli/.npm correctMkdir not in flight; initializing
10 info lifecycle gulp-jumpstart@0.0.3~prepublish: gulp-jumpstart@0.0.3
11 silly lifecycle gulp-jumpstart@0.0.3~prepublish: no script for prepublish, continuing
12 verbose tar pack [ '/Users/ozywuli/.npm/gulp-jumpstart/0.0.3/package.tgz',
12 verbose tar pack   '/Users/ozywuli/projects/gulp-jumpstart' ]
13 verbose tarball /Users/ozywuli/.npm/gulp-jumpstart/0.0.3/package.tgz
14 verbose folder /Users/ozywuli/projects/gulp-jumpstart
15 verbose addLocalTarball adding from inside cache /Users/ozywuli/.npm/gulp-jumpstart/0.0.3/package.tgz
16 verbose correctMkdir /Users/ozywuli/.npm correctMkdir not in flight; initializing
17 silly cache afterAdd gulp-jumpstart@0.0.3
18 verbose afterAdd /Users/ozywuli/.npm/gulp-jumpstart/0.0.3/package/package.json not in flight; writing
19 verbose correctMkdir /Users/ozywuli/.npm correctMkdir not in flight; initializing
20 verbose afterAdd /Users/ozywuli/.npm/gulp-jumpstart/0.0.3/package/package.json written
21 silly publish { name: 'gulp-jumpstart',
21 silly publish   version: '0.0.3',
21 silly publish   description: 'Gulp starter template for Javascript plugin development',
21 silly publish   main: 'GulpJumpstart.js',
21 silly publish   author: { name: 'Ozy Wu-Li', email: 'ozy.wu.li@gmail.com' },
21 silly publish   homepage: 'https://github.com/ozywuli/gulp-jumpstart',
21 silly publish   scripts: { test: 'echo "Error: no test specified" && exit 1' },
21 silly publish   repository:
21 silly publish    { type: 'git',
21 silly publish      url: 'git+ssh://git@github.com/ozywuli/gulp-jumpstart.git' },
21 silly publish   license: 'MIT',
21 silly publish   keywords: [ 'plugin', 'gulp', 'javascript' ],
21 silly publish   bugs: { url: 'https://github.com/ozywuli/gulp-jumpstart/issues' },
21 silly publish   devDependencies:
21 silly publish    { autoprefixer: '^7.2.3',
21 silly publish      'babel-preset-es2015': '^6.24.1',
21 silly publish      babelify: '^7.3.0',
21 silly publish      'browser-sync': '^2.18.13',
21 silly publish      browserify: '^14.5.0',
21 silly publish      'gulp-postcss': '^7.0.0',
21 silly publish      'gulp-rename': '^1.2.2',
21 silly publish      'gulp-sass': '^3.1.0',
21 silly publish      'gulp-sourcemaps': '^2.6.1',
21 silly publish      'gulp-uglify': '^3.0.0',
21 silly publish      'gulp-util': '^3.0.8',
21 silly publish      'node-notifier': '^5.1.2',
21 silly publish      rimraf: '^2.6.2',
21 silly publish      'vinyl-buffer': '^1.0.0',
21 silly publish      'vinyl-source-stream': '^1.1.0' },
21 silly publish   readme: '# Gulp Plugin Starter\n',
21 silly publish   readmeFilename: 'README.md',
21 silly publish   gitHead: 'e8772e3abe411edff61de899701e9aa74dfe21a0',
21 silly publish   _id: 'gulp-jumpstart@0.0.3',
21 silly publish   _shasum: '60ed7f279abf9d582e4b35f63931503ce8ebffa0',
21 silly publish   _from: '.' }
22 verbose getPublishConfig undefined
23 silly mapToRegistry name gulp-jumpstart
24 silly mapToRegistry using default registry
25 silly mapToRegistry registry https://registry.npmjs.org/
26 silly mapToRegistry data Result {
26 silly mapToRegistry   raw: 'gulp-jumpstart',
26 silly mapToRegistry   scope: null,
26 silly mapToRegistry   name: 'gulp-jumpstart',
26 silly mapToRegistry   rawSpec: '',
26 silly mapToRegistry   spec: 'latest',
26 silly mapToRegistry   type: 'tag' }
27 silly mapToRegistry uri https://registry.npmjs.org/gulp-jumpstart
28 verbose publish registryBase https://registry.npmjs.org/
29 silly publish uploading /Users/ozywuli/.npm/gulp-jumpstart/0.0.3/package.tgz
30 verbose request uri https://registry.npmjs.org/gulp-jumpstart
31 verbose request sending authorization for write operation
32 info attempt registry request try #1 at 9:24:19 PM
33 verbose request using bearer token for auth
34 verbose request id 34af73183c4a1009
35 http request PUT https://registry.npmjs.org/gulp-jumpstart
36 http 403 https://registry.npmjs.org/gulp-jumpstart
37 verbose headers { 'content-type': 'application/json',
37 verbose headers   'cache-control': 'max-age=300',
37 verbose headers   'content-length': '93',
37 verbose headers   'accept-ranges': 'bytes',
37 verbose headers   date: 'Thu, 12 Apr 2018 04:24:19 GMT',
37 verbose headers   via: '1.1 varnish',
37 verbose headers   connection: 'keep-alive',
37 verbose headers   'x-served-by': 'cache-lax8639-LAX',
37 verbose headers   'x-cache': 'MISS',
37 verbose headers   'x-cache-hits': '0',
37 verbose headers   'x-timer': 'S1523507060.737838,VS0,VE230',
37 verbose headers   vary: 'Accept-Encoding, Accept' }
38 verbose request invalidating /Users/ozywuli/.npm/registry.npmjs.org/gulp-jumpstart on PUT
39 error publish Failed PUT 403
40 verbose stack Error: You cannot publish over the previously published versions: 0.0.3. : gulp-jumpstart
40 verbose stack     at makeError (/Users/ozywuli/.nvm/versions/node/v6.2.2/lib/node_modules/npm/node_modules/npm-registry-client/lib/request.js:264:12)
40 verbose stack     at CachingRegistryClient.<anonymous> (/Users/ozywuli/.nvm/versions/node/v6.2.2/lib/node_modules/npm/node_modules/npm-registry-client/lib/request.js:252:14)
40 verbose stack     at Request._callback (/Users/ozywuli/.nvm/versions/node/v6.2.2/lib/node_modules/npm/node_modules/npm-registry-client/lib/request.js:172:14)
40 verbose stack     at Request.self.callback (/Users/ozywuli/.nvm/versions/node/v6.2.2/lib/node_modules/npm/node_modules/request/request.js:200:22)
40 verbose stack     at emitTwo (events.js:106:13)
40 verbose stack     at Request.emit (events.js:191:7)
40 verbose stack     at Request.<anonymous> (/Users/ozywuli/.nvm/versions/node/v6.2.2/lib/node_modules/npm/node_modules/request/request.js:1067:10)
40 verbose stack     at emitOne (events.js:101:20)
40 verbose stack     at Request.emit (events.js:188:7)
40 verbose stack     at IncomingMessage.<anonymous> (/Users/ozywuli/.nvm/versions/node/v6.2.2/lib/node_modules/npm/node_modules/request/request.js:988:12)
41 verbose statusCode 403
42 verbose pkgid gulp-jumpstart
43 verbose cwd /Users/ozywuli/projects/gulp-jumpstart
44 error Darwin 16.7.0
45 error argv "/Users/ozywuli/.nvm/versions/node/v6.2.2/bin/node" "/Users/ozywuli/.nvm/versions/node/v6.2.2/bin/npm" "publish"
46 error node v6.2.2
47 error npm  v3.9.5
48 error code E403
49 error You cannot publish over the previously published versions: 0.0.3. : gulp-jumpstart
50 error If you need help, you may report this error at:
50 error     <https://github.com/npm/npm/issues>
51 verbose exit [ 1, true ]
